\BOOKMARK [1][-]{section.1}{\376\377\000T\000r\000a\000n\000s\000a\000c\000t\000i\000o\000n\133\232\116\111}{}% 1
\BOOKMARK [2][-]{subsection.1.1}{\376\377\151\202\137\365}{section.1}% 2
\BOOKMARK [1][-]{section.2}{\376\377\000T\000r\000a\000n\000s\000a\000c\000t\000i\000o\000n\162\266\140\001}{}% 3
\BOOKMARK [1][-]{section.3}{\376\377\123\237\133\120\140\047\124\214\143\001\116\105\140\047\166\204\133\236\163\260}{}% 4
\BOOKMARK [1][-]{section.4}{\376\377\136\166\123\321\142\147\210\114}{}% 5
\BOOKMARK [1][-]{section.5}{\376\377\123\357\116\062\210\114\123\026}{}% 6
\BOOKMARK [2][-]{subsection.5.1}{\376\377\123\357\116\062\210\114\123\026}{section.5}% 7
\BOOKMARK [2][-]{subsection.5.2}{\376\377\116\213\122\241\166\204\173\200\123\026\211\306\126\376}{section.5}% 8
\BOOKMARK [2][-]{subsection.5.3}{\376\377\121\262\172\201\143\007\116\344}{section.5}% 9
\BOOKMARK [2][-]{subsection.5.4}{\376\377\121\262\172\201\123\357\116\062\210\114\140\047}{section.5}% 10
\BOOKMARK [1][-]{section.6}{\376\377\123\357\140\142\131\015\140\047}{}% 11
\BOOKMARK [2][-]{subsection.6.1}{\376\377\123\357\140\142\131\015\214\003\136\246}{section.6}% 12
\BOOKMARK [2][-]{subsection.6.2}{\376\377\176\247\200\124\126\336\156\332}{section.6}% 13
\BOOKMARK [2][-]{subsection.6.3}{\376\377\145\340\176\247\200\124\214\003\136\246}{section.6}% 14
\BOOKMARK [1][-]{section.7}{\376\377\226\224\171\273\140\047\166\204\133\236\163\260}{}% 15
\BOOKMARK [1][-]{section.8}{\376\377\000S\000Q\000L\116\055\166\204\116\213\122\241\133\232\116\111}{}% 16
\BOOKMARK [1][-]{section.9}{\376\377\123\357\116\062\210\114\140\047\155\113\213\325}{}% 17
\BOOKMARK [2][-]{subsection.9.1}{\376\377\123\357\116\062\210\114\140\047\155\113\213\325}{section.9}% 18
\BOOKMARK [2][-]{subsection.9.2}{\376\377\121\262\172\201\116\062\210\114\140\047\155\113\213\325}{section.9}% 19
\BOOKMARK [2][-]{subsection.9.3}{\376\377\136\166\123\321\143\247\122\066\116\016\123\357\116\062\210\114\140\047\155\113\213\325}{section.9}% 20
