\BOOKMARK [1][-]{section.1}{\376\377\127\372\147\054\151\202\137\365}{}% 1
\BOOKMARK [2][-]{subsection.1.1}{\376\377\127\372\147\054\151\202\137\365}{section.1}% 2
\BOOKMARK [2][-]{subsection.1.2}{\376\377\175\042\137\025\213\304\117\060\143\007\150\007}{section.1}% 3
\BOOKMARK [1][-]{section.2}{\376\377\147\011\136\217\175\042\137\025}{}% 4
\BOOKMARK [2][-]{subsection.2.1}{\376\377\127\372\147\054\151\202\137\365}{section.2}% 5
\BOOKMARK [2][-]{subsection.2.2}{\376\377\172\040\133\306\175\042\137\025\145\207\116\366}{section.2}% 6
\BOOKMARK [2][-]{subsection.2.3}{\376\377\172\000\165\217\175\042\137\025\145\207\116\366}{section.2}% 7
\BOOKMARK [2][-]{subsection.2.4}{\376\377\116\214\176\247\175\042\137\025}{section.2}% 8
\BOOKMARK [2][-]{subsection.2.5}{\376\377\131\032\176\247\175\042\137\025}{section.2}% 9
\BOOKMARK [2][-]{subsection.2.6}{\376\377\175\042\137\025\146\364\145\260\377\032\122\040\226\144}{section.2}% 10
\BOOKMARK [2][-]{subsection.2.7}{\376\377\175\042\137\025\146\364\145\260\377\032\143\322\121\145\144\315\117\134}{section.2}% 11
\BOOKMARK [2][-]{subsection.2.8}{\376\377\116\073\175\042\137\025\124\214\217\205\122\251\175\042\137\025}{section.2}% 12
\BOOKMARK [1][-]{section.3}{\376\377\000B\000+\150\021\175\042\137\025\145\207\116\366}{}% 13
\BOOKMARK [2][-]{subsection.3.1}{\376\377\000B\000+\150\021\175\042\137\025\145\207\116\366}{section.3}% 14
\BOOKMARK [2][-]{subsection.3.2}{\376\377\000B\000+\150\021\202\202\160\271\176\323\147\204}{section.3}% 15
\BOOKMARK [2][-]{subsection.3.3}{\376\377\000B\000+\150\021\116\055\166\204\227\136\123\366\133\120\202\202\160\271}{section.3}% 16
\BOOKMARK [2][-]{subsection.3.4}{\376\377\000B\000+\150\021\147\345\213\342}{section.3}% 17
\BOOKMARK [2][-]{subsection.3.5}{\376\377\000B\000+\150\021\146\364\145\260\377\032\143\322\121\145\144\315\117\134}{section.3}% 18
\BOOKMARK [2][-]{subsection.3.6}{\376\377\000B\000+\150\021\146\364\145\260\377\032\122\040\226\144\144\315\117\134}{section.3}% 19
\BOOKMARK [2][-]{subsection.3.7}{\376\377\227\136\125\057\116\000\144\034\175\042\225\056}{section.3}% 20
\BOOKMARK [1][-]{section.4}{\376\377\121\231\117\030\123\026\175\042\137\025}{}% 21
\BOOKMARK [2][-]{subsection.4.1}{\376\377\145\345\137\327\176\323\147\204\124\010\136\166\000\050\000L\000S\000M\000\051\150\021}{section.4}% 22
\BOOKMARK [3][-]{subsubsection.4.1.1}{\376\377\116\300\116\110\146\057\000L\000S\000M\150\021}{subsection.4.1}% 23
\BOOKMARK [3][-]{subsubsection.4.1.2}{\376\377\000L\000S\000M\150\021\166\204\134\102\153\041\176\323\147\204\116\016\226\010\120\074\173\126\165\145}{subsection.4.1}% 24
\BOOKMARK [3][-]{subsubsection.4.1.3}{\376\377\000I\000N\000S\000E\000R\000T\155\101\172\013}{subsection.4.1}% 25
\BOOKMARK [3][-]{subsubsection.4.1.4}{\376\377\000Q\000U\000E\000R\000Y\144\315\117\134\155\101\172\013}{subsection.4.1}% 26
\BOOKMARK [3][-]{subsubsection.4.1.5}{\376\377\000D\000E\000L\000E\000T\000E\116\016\000U\000P\000D\000A\000T\000E\144\315\117\134}{subsection.4.1}% 27
\BOOKMARK [3][-]{subsubsection.4.1.6}{\376\377\000L\000S\000M\000\040\150\021\166\204\117\030\177\072\160\271}{subsection.4.1}% 28
\BOOKMARK [3][-]{subsubsection.4.1.7}{\376\377\000S\000t\000e\000p\000p\000e\000d\000-\000M\000e\000r\000g\000e\000\040\000I\000n\000d\000e\000x\377\010\122\006\176\247\137\122\136\166\123\330\171\315\377\011}{subsection.4.1}% 29
\BOOKMARK [2][-]{subsection.4.2}{\376\377\177\023\121\262\150\021}{section.4}% 30
\BOOKMARK [1][-]{section.5}{\376\377\000S\000Q\000L\116\055\166\204\175\042\137\025\133\232\116\111}{}% 31
