\BOOKMARK [1][-]{section.1}{\376\377\173\054\116\000\203\003\137\017}{}% 1
\BOOKMARK [2][-]{subsection.1.1}{\376\377\173\054\116\000\203\003\137\017\151\202\137\365}{section.1}% 2
\BOOKMARK [2][-]{subsection.1.2}{\376\377\131\202\117\125\131\004\164\006\227\136\123\237\133\120\120\074}{section.1}% 3
\BOOKMARK [2][-]{subsection.1.3}{\376\377\227\136\123\237\133\120\173\126\165\145\166\204\177\072\160\271}{section.1}% 4
\BOOKMARK [2][-]{subsection.1.4}{\376\377\123\237\133\120\140\047\146\057\117\177\165\050\145\271\137\017\121\263\133\232\166\204}{section.1}% 5
\BOOKMARK [1][-]{section.2}{\376\377\121\163\174\373\145\160\143\156\136\223\213\276\213\241\116\055\166\204\226\167\226\061}{}% 6
\BOOKMARK [2][-]{subsection.2.1}{\376\377\151\202\217\360}{section.2}% 7
\BOOKMARK [2][-]{subsection.2.2}{\376\377\122\006\211\343}{section.2}% 8
\BOOKMARK [2][-]{subsection.2.3}{\376\377\213\276\213\241\166\356\150\007\124\214\164\006\213\272\127\372\170\100}{section.2}% 9
\BOOKMARK [1][-]{section.3}{\376\377\121\375\145\160\117\235\215\126}{}% 10
\BOOKMARK [2][-]{subsection.3.1}{\376\377\116\300\116\110\146\057\121\375\145\160\117\235\215\126}{section.3}% 11
\BOOKMARK [2][-]{subsection.3.2}{\376\377\121\375\145\160\117\235\215\126\116\016\225\056\166\204\121\163\174\373}{section.3}% 12
\BOOKMARK [2][-]{subsection.3.3}{\376\377\121\375\145\160\117\235\215\126\166\204\117\134\165\050}{section.3}% 13
\BOOKMARK [2][-]{subsection.3.4}{\376\377\136\163\121\341\116\016\227\136\136\163\121\341\117\235\215\126}{section.3}% 14
\BOOKMARK [2][-]{subsection.3.5}{\376\377\121\375\145\160\117\235\215\126\226\306\166\204\225\355\123\005\000F\000+}{section.3}% 15
\BOOKMARK [2][-]{subsection.3.6}{\376\377\000A\000r\000m\000s\000t\000r\000o\000n\000g\121\154\164\006}{section.3}% 16
\BOOKMARK [2][-]{subsection.3.7}{\376\377\134\136\140\047\226\306\225\355\123\005\000+}{section.3}% 17
\BOOKMARK [2][-]{subsection.3.8}{\376\377\153\143\122\031\211\206\166\326}{section.3}% 18
\BOOKMARK [1][-]{section.4}{\376\377\122\006\211\343}{}% 19
\BOOKMARK [2][-]{subsection.4.1}{\376\377\122\006\211\343\166\204\166\356\150\007}{section.4}% 20
\BOOKMARK [2][-]{subsection.4.2}{\376\377\122\006\211\343\166\204\202\157\131\175\140\047\215\050}{section.4}% 21
\BOOKMARK [1][-]{section.5}{\376\377\000B\000o\000y\000c\000e\000-\000C\000o\000d\000d\203\003\137\017}{}% 22
\BOOKMARK [2][-]{subsection.5.1}{\376\377\000B\000C\000N\000F\133\232\116\111}{section.5}% 23
\BOOKMARK [2][-]{subsection.5.2}{\376\377\131\202\117\125\155\113\213\325\000B\000C\000N\000F}{section.5}% 24
\BOOKMARK [2][-]{subsection.5.3}{\376\377\000B\000C\000N\000F\122\006\211\343\173\227\154\325}{section.5}% 25
\BOOKMARK [2][-]{subsection.5.4}{\376\377\000B\000C\000N\000F\000\040\116\016\117\235\215\126\117\335\143\001}{section.5}% 26
\BOOKMARK [1][-]{section.6}{\376\377\173\054\116\011\203\003\137\017}{}% 27
\BOOKMARK [2][-]{subsection.6.1}{\376\377\137\025\121\145\122\250\147\072}{section.6}% 28
\BOOKMARK [2][-]{subsection.6.2}{\376\377\133\232\116\111}{section.6}% 29
\BOOKMARK [2][-]{subsection.6.3}{\376\377\171\072\117\213}{section.6}% 30
\BOOKMARK [2][-]{subsection.6.4}{\376\377\0003\000N\000F\000\040\116\055\166\204\121\227\117\131}{section.6}% 31
\BOOKMARK [2][-]{subsection.6.5}{\376\377\0003\000N\000F\000\040\150\300\155\113\145\271\154\325}{section.6}% 32
\BOOKMARK [2][-]{subsection.6.6}{\376\377\0003\000N\000F\000\040\122\006\211\343\173\227\154\325}{section.6}% 33
\BOOKMARK [2][-]{subsection.6.7}{\376\377\171\072\117\213}{section.6}% 34
\BOOKMARK [2][-]{subsection.6.8}{\376\377\0003\000N\000F\000\040\116\016\000\040\000B\000C\000N\000F\000\040\166\204\153\324\217\203}{section.6}% 35
\BOOKMARK [2][-]{subsection.6.9}{\376\377\213\276\213\241\166\356\150\007\140\073\176\323}{section.6}% 36
\BOOKMARK [2][-]{subsection.6.10}{\376\377\215\350\121\163\174\373\150\300\155\113\000\040\000F\000D}{section.6}% 37
\BOOKMARK [1][-]{section.7}{\376\377\131\032\120\074\117\235\215\126\377\010\000M\000u\000l\000t\000i\000v\000a\000l\000u\000e\000d\000\040\000D\000e\000p\000e\000n\000d\000e\000n\000c\000i\000e\000s\377\011}{}% 38
\BOOKMARK [2][-]{subsection.7.1}{\376\377\151\202\217\360}{section.7}% 39
\BOOKMARK [2][-]{subsection.7.2}{\376\377\171\072\117\213\145\160\143\156}{section.7}% 40
\BOOKMARK [2][-]{subsection.7.3}{\376\377\121\163\174\373\122\006\211\343}{section.7}% 41
\BOOKMARK [2][-]{subsection.7.4}{\376\377\131\032\120\074\117\235\215\126\166\204\133\232\116\111}{section.7}% 42
\BOOKMARK [2][-]{subsection.7.5}{\376\377\131\032\120\074\117\235\215\126\166\204\164\006\213\272\140\047\215\050}{section.7}% 43
\BOOKMARK [2][-]{subsection.7.6}{\376\377\210\145\121\105\171\072\117\213}{section.7}% 44
\BOOKMARK [2][-]{subsection.7.7}{\376\377\140\073\176\323}{section.7}% 45
\BOOKMARK [1][-]{section.8}{\376\377\173\054\126\333\203\003\137\017}{}% 46
\BOOKMARK [2][-]{subsection.8.1}{\376\377\173\054\126\333\203\003\137\017\377\010\0004\000N\000F\377\011\133\232\116\111}{section.8}% 47
\BOOKMARK [2][-]{subsection.8.2}{\376\377\116\072\116\300\116\110\227\000\211\201\0004\000N\000F\377\037}{section.8}% 48
\BOOKMARK [2][-]{subsection.8.3}{\376\377\0004\000N\000F\000\040\122\006\211\343\211\201\154\102}{section.8}% 49
\BOOKMARK [2][-]{subsection.8.4}{\376\377\0004\000N\000F\000\040\122\006\211\343\173\227\154\325}{section.8}% 50
\BOOKMARK [2][-]{subsection.8.5}{\376\377\217\333\116\000\153\145\166\204\203\003\137\017\377\010\000F\000u\000r\000t\000h\000e\000r\000\040\000N\000o\000r\000m\000a\000l\000\040\000F\000o\000r\000m\000s\377\011}{section.8}% 51
\BOOKMARK [2][-]{subsection.8.6}{\376\377\134\017\176\323}{section.8}% 52
