\BOOKMARK [1][-]{section.1}{\376\377\151\202\217\360}{}% 1
\BOOKMARK [2][-]{subsection.1.1}{\376\377\147\345\213\342\131\004\164\006\166\204\127\372\147\054\153\145\232\244}{section.1}% 2
\BOOKMARK [2][-]{subsection.1.2}{\376\377\127\372\147\054\153\145\232\244\377\032\117\030\123\026}{section.1}% 3
\BOOKMARK [1][-]{section.2}{\376\377\147\345\213\342\142\020\147\054\166\204\136\246\221\317}{}% 4
\BOOKMARK [1][-]{section.3}{\376\377\220\011\142\351\144\315\117\134}{}% 5
\BOOKMARK [2][-]{subsection.3.1}{\376\377\127\372\147\054\173\227\154\325}{section.3}% 6
\BOOKMARK [2][-]{subsection.3.2}{\376\377\117\177\165\050\175\042\137\025\124\214\166\370\173\111\147\141\116\366\217\333\210\114\220\011\142\351}{section.3}% 7
\BOOKMARK [2][-]{subsection.3.3}{\376\377\155\211\123\312\153\324\217\203\166\204\220\011\142\351}{section.3}% 8
\BOOKMARK [2][-]{subsection.3.4}{\376\377\131\015\147\102\220\011\142\351\166\204\133\236\163\260}{section.3}% 9
\BOOKMARK [1][-]{section.4}{\376\377\217\336\143\245\144\315\117\134}{}% 10
\BOOKMARK [2][-]{subsection.4.1}{\376\377\135\114\131\127\137\252\163\257\217\336\143\245}{section.4}% 11
\BOOKMARK [2][-]{subsection.4.2}{\376\377\127\127\135\114\131\127\137\252\163\257\217\336\143\245}{section.4}% 12
\BOOKMARK [2][-]{subsection.4.3}{\376\377\175\042\137\025\135\114\131\127\137\252\163\257\217\336\143\245}{section.4}% 13
\BOOKMARK [2][-]{subsection.4.4}{\376\377\124\010\136\166\217\336\143\245\377\010\143\222\136\217\137\122\136\166\217\336\143\245\377\011}{section.4}% 14
\BOOKMARK [2][-]{subsection.4.5}{\376\377\124\310\136\014\217\336\143\245}{section.4}% 15
\BOOKMARK [3][-]{subsubsection.4.5.1}{\376\377\000H\000a\000s\000h\217\336\143\245\166\204\127\372\147\054\140\035\140\363}{subsection.4.5}% 16
\BOOKMARK [3][-]{subsubsection.4.5.2}{\376\377\000H\000a\000s\000h\000-\000J\000o\000i\000n\166\204\213\346\176\306\153\145\232\244}{subsection.4.5}% 17
\BOOKMARK [3][-]{subsubsection.4.5.3}{\376\377\000H\000a\000s\000h\000-\000J\000o\000i\000n\117\030\177\072\160\271}{subsection.4.5}% 18
\BOOKMARK [3][-]{subsubsection.4.5.4}{\376\377\131\004\164\006\156\242\121\372\377\010\000O\000v\000e\000r\000f\000l\000o\000w\377\011\166\204\173\126\165\145}{subsection.4.5}% 19
\BOOKMARK [3][-]{subsubsection.4.5.5}{\376\377\000H\000a\000s\000h\000-\000J\000o\000i\000n\142\020\147\054\117\060\213\241}{subsection.4.5}% 20
