\BOOKMARK [1][-]{section.1}{\376\377\127\372\116\216\225\001\166\204\123\117\213\256}{}% 1
\BOOKMARK [2][-]{subsection.1.1}{\376\377\127\372\116\216\225\001\166\204\123\117\213\256}{section.1}% 2
\BOOKMARK [2][-]{subsection.1.2}{\376\377\127\372\116\216\225\001\166\204\123\117\213\256\166\204\226\167\226\061}{section.1}% 3
\BOOKMARK [2][-]{subsection.1.3}{\376\377\116\044\226\066\153\265\225\001\123\117\213\256}{section.1}% 4
\BOOKMARK [2][-]{subsection.1.4}{\376\377\225\001\217\154\143\142}{section.1}% 5
\BOOKMARK [2][-]{subsection.1.5}{\376\377\225\001\166\204\201\352\122\250\203\267\123\326}{section.1}% 6
\BOOKMARK [2][-]{subsection.1.6}{\376\377\225\001\166\204\133\236\163\260}{section.1}% 7
\BOOKMARK [2][-]{subsection.1.7}{\376\377\225\001\210\150}{section.1}% 8
\BOOKMARK [2][-]{subsection.1.8}{\376\377\127\372\116\216\126\376\166\204\123\117\213\256}{section.1}% 9
\BOOKMARK [1][-]{section.2}{\376\377\131\032\174\222\136\246}{}% 10
\BOOKMARK [2][-]{subsection.2.1}{\376\377\131\032\174\222\136\246}{section.2}% 11
\BOOKMARK [2][-]{subsection.2.2}{\376\377\141\017\124\021\225\001}{section.2}% 12
\BOOKMARK [2][-]{subsection.2.3}{\376\377\141\017\124\021\225\001\152\041\137\017}{section.2}% 13
\BOOKMARK [2][-]{subsection.2.4}{\376\377\131\032\174\222\136\246\225\001\147\072\122\066}{section.2}% 14
\BOOKMARK [1][-]{section.3}{\376\377\153\173\225\001\145\271\150\110}{}% 15
\BOOKMARK [2][-]{subsection.3.1}{\376\377\153\173\225\001\131\004\164\006}{section.3}% 16
\BOOKMARK [2][-]{subsection.3.2}{\376\377\153\173\225\001\230\204\226\062}{section.3}% 17
\BOOKMARK [2][-]{subsection.3.3}{\376\377\153\173\225\001\150\300\155\113}{section.3}% 18
\BOOKMARK [2][-]{subsection.3.4}{\376\377\153\173\225\001\140\142\131\015}{section.3}% 19
\BOOKMARK [1][-]{section.4}{\376\377\143\322\121\145\124\214\122\040\226\144\144\315\117\134}{}% 20
