\BOOKMARK [1][-]{section.1}{\376\377\162\151\164\006\133\130\120\250\116\313\215\050\151\202\217\360}{}% 1
\BOOKMARK [2][-]{subsection.1.1}{\376\377\162\151\164\006\133\130\120\250\116\313\215\050\166\204\122\006\174\173}{section.1}% 2
\BOOKMARK [2][-]{subsection.1.2}{\376\377\133\130\120\250\134\102\153\041\176\323\147\204}{section.1}% 3
\BOOKMARK [2][-]{subsection.1.3}{\376\377\162\151\164\006\133\130\120\250\116\313\215\050}{section.1}% 4
\BOOKMARK [1][-]{section.2}{\376\377\170\301\166\330}{}% 5
\BOOKMARK [2][-]{subsection.2.1}{\376\377\170\301\166\330}{section.2}% 6
\BOOKMARK [2][-]{subsection.2.2}{\376\377\170\301\166\330\133\120\174\373\176\337}{section.2}% 7
\BOOKMARK [2][-]{subsection.2.3}{\376\377\170\301\166\330\166\204\140\047\200\375\143\007\150\007}{section.2}% 8
\BOOKMARK [2][-]{subsection.2.4}{\376\377\170\301\166\330\127\127\213\277\225\356\117\030\123\026}{section.2}% 9
\BOOKMARK [1][-]{section.3}{\376\377\133\130\120\250\213\277\225\356}{}% 10
\BOOKMARK [2][-]{subsection.3.1}{\376\377\133\130\120\250\213\277\225\356}{section.3}% 11
\BOOKMARK [2][-]{subsection.3.2}{\376\377\177\023\121\262\123\072\173\241\164\006\126\150}{section.3}% 12
\BOOKMARK [2][-]{subsection.3.3}{\376\377\177\023\121\262\123\072\146\377\143\142\173\126\165\145}{section.3}% 13
\BOOKMARK [1][-]{section.4}{\376\377\145\207\116\366\176\304\176\307}{}% 14
\BOOKMARK [2][-]{subsection.4.1}{\376\377\145\207\116\366\176\304\176\307}{section.4}% 15
\BOOKMARK [2][-]{subsection.4.2}{\376\377\133\232\225\177\213\260\137\125}{section.4}% 16
\BOOKMARK [2][-]{subsection.4.3}{\376\377\172\172\225\362\122\027\210\150}{section.4}% 17
\BOOKMARK [2][-]{subsection.4.4}{\376\377\123\357\123\330\225\177\136\246\213\260\137\125}{section.4}% 18
\BOOKMARK [2][-]{subsection.4.5}{\376\377\151\375\230\165\176\323\147\204}{section.4}% 19
\BOOKMARK [2][-]{subsection.4.6}{\376\377\133\232\225\177\210\150\171\072}{section.4}% 20
\BOOKMARK [2][-]{subsection.4.7}{\376\377\143\007\224\210\145\271\154\325}{section.4}% 21
