\BOOKMARK [1][-]{section.1}{\376\377\133\236\117\123\226\306}{}% 1
\BOOKMARK [2][-]{subsection.1.1}{\376\377\133\236\117\123\124\214\133\236\117\123\226\306}{section.1}% 2
\BOOKMARK [2][-]{subsection.1.2}{\376\377\134\136\140\047\116\016\127\337}{section.1}% 3
\BOOKMARK [2][-]{subsection.1.3}{\376\377\134\136\140\047\174\173\127\213}{section.1}% 4
\BOOKMARK [2][-]{subsection.1.4}{\376\377\133\236\117\123\226\306\124\214\121\163\174\373\152\041\127\213}{section.1}% 5
\BOOKMARK [1][-]{section.2}{\376\377\121\163\174\373\226\306}{}% 6
\BOOKMARK [2][-]{subsection.2.1}{\376\377\121\163\174\373\124\214\121\163\174\373\226\306}{section.2}% 7
\BOOKMARK [2][-]{subsection.2.2}{\376\377\137\142\137\017\123\026\133\232\116\111}{section.2}% 8
\BOOKMARK [2][-]{subsection.2.3}{\376\377\121\163\174\373\226\306\166\204\134\136\140\047}{section.2}% 9
\BOOKMARK [2][-]{subsection.2.4}{\376\377\121\163\174\373\226\306\166\204\136\246}{section.2}% 10
\BOOKMARK [2][-]{subsection.2.5}{\376\377\146\040\134\004\127\372\145\160}{section.2}% 11
\BOOKMARK [2][-]{subsection.2.6}{\376\377\121\163\174\373\226\306\122\060\121\163\174\373\152\041\137\017\166\204\146\040\134\004}{section.2}% 12
\BOOKMARK [1][-]{section.3}{\376\377\225\056}{}% 13
\BOOKMARK [2][-]{subsection.3.1}{\376\377\133\236\117\123\226\306\166\204\225\056}{section.3}% 14
\BOOKMARK [2][-]{subsection.3.2}{\376\377\121\163\174\373\226\306\166\204\225\056}{section.3}% 15
\BOOKMARK [2][-]{subsection.3.3}{\376\377\146\040\134\004\127\372\145\160\133\371\225\056\166\204\137\161\124\315}{section.3}% 16
\BOOKMARK [1][-]{section.4}{\376\377\133\236\117\123\000-\121\163\174\373\126\376}{}% 17
\BOOKMARK [1][-]{section.5}{\376\377\137\061\133\236\117\123\226\306}{}% 18
\BOOKMARK [2][-]{subsection.5.1}{\376\377\116\300\116\110\146\057\137\061\133\236\117\123\226\306}{section.5}% 19
\BOOKMARK [2][-]{subsection.5.2}{\376\377\137\061\133\236\117\123\226\306\166\204\211\201\175\040}{section.5}% 20
\BOOKMARK [2][-]{subsection.5.3}{\376\377\217\154\143\142\122\060\121\163\174\373\152\041\137\017}{section.5}% 21
\BOOKMARK [1][-]{section.6}{\376\377\142\151\134\125\133\236\117\123\000-\121\163\174\373\162\171\137\201}{}% 22
\BOOKMARK [2][-]{subsection.6.1}{\376\377\151\202\217\360}{section.6}% 23
\BOOKMARK [2][-]{subsection.6.2}{\376\377\133\236\117\123\226\306\166\204\122\006\134\102}{section.6}% 24
\BOOKMARK [3][-]{subsubsection.6.2.1}{\376\377\162\171\123\026\060\001\121\167\117\123\123\026}{subsection.6.2}% 25
\BOOKMARK [3][-]{subsubsection.6.2.2}{\376\377\154\333\123\026\060\001\146\156\220\115\123\026}{subsection.6.2}% 26
\BOOKMARK [3][-]{subsubsection.6.2.3}{\376\377\162\171\123\026\000/\154\333\123\026\213\276\213\241\176\246\147\137}{subsection.6.2}% 27
\BOOKMARK [2][-]{subsection.6.3}{\376\377\200\132\226\306}{section.6}% 28
\BOOKMARK [1][-]{section.7}{\376\377\133\236\117\123\000-\121\163\174\373\152\041\137\017\145\160\143\156\136\223\213\276\213\241}{}% 29
\BOOKMARK [2][-]{subsection.7.1}{\376\377\000E\000-\000R\000\040\145\160\143\156\136\223\152\041\137\017\213\276\213\241\155\101\172\013}{section.7}% 30
\BOOKMARK [2][-]{subsection.7.2}{\376\377\000E\000-\000R\000\040\213\276\213\241\121\263\173\126}{section.7}% 31
\BOOKMARK [2][-]{subsection.7.3}{\376\377\121\166\133\203\000\040\000E\000-\000R\000\040\213\276\213\241\121\263\173\126}{section.7}% 32
\BOOKMARK [1][-]{section.8}{\376\377\134\006\133\236\117\123\000-\121\163\174\373\152\041\137\017\217\154\143\142\116\072\210\150}{}% 33
\BOOKMARK [2][-]{subsection.8.1}{\376\377\151\202\217\360}{section.8}% 34
\BOOKMARK [2][-]{subsection.8.2}{\376\377\210\150\171\072\133\236\117\123\226\306\116\072\210\150}{section.8}% 35
\BOOKMARK [2][-]{subsection.8.3}{\376\377\131\015\124\010\134\136\140\047}{section.8}% 36
\BOOKMARK [2][-]{subsection.8.4}{\376\377\131\032\120\074\134\136\140\047}{section.8}% 37
\BOOKMARK [2][-]{subsection.8.5}{\376\377\137\061\133\236\117\123\226\306}{section.8}% 38
\BOOKMARK [2][-]{subsection.8.6}{\376\377\121\163\174\373\226\306\166\204\210\150\171\072}{section.8}% 39
\BOOKMARK [2][-]{subsection.8.7}{\376\377\210\150\166\204\121\227\117\131}{section.8}% 40
\BOOKMARK [2][-]{subsection.8.8}{\376\377\162\171\123\026\000/\154\333\123\026\166\204\210\150\171\072}{section.8}% 41
