\BOOKMARK [1][-]{section.1}{\376\377\121\163\174\373\145\160\143\156\136\223\166\204\176\323\147\204}{}% 1
\BOOKMARK [2][-]{subsection.1.1}{\376\377\127\372\147\054\176\323\147\204}{section.1}% 2
\BOOKMARK [2][-]{subsection.1.2}{\376\377\134\136\140\047\174\173\127\213}{section.1}% 3
\BOOKMARK [2][-]{subsection.1.3}{\376\377\121\163\174\373\166\204\151\202\137\365}{section.1}% 4
\BOOKMARK [2][-]{subsection.1.4}{\376\377\121\163\174\373\152\041\137\017}{section.1}% 5
\BOOKMARK [2][-]{subsection.1.5}{\376\377\121\163\174\373\133\236\117\213}{section.1}% 6
\BOOKMARK [2][-]{subsection.1.6}{\376\377\121\163\174\373\166\204\134\136\140\047}{section.1}% 7
\BOOKMARK [2][-]{subsection.1.7}{\376\377\225\056}{section.1}% 8
\BOOKMARK [2][-]{subsection.1.8}{\376\377\131\026\225\056}{section.1}% 9
\BOOKMARK [1][-]{section.2}{\376\377\127\372\147\054\121\163\174\373\116\343\145\160\144\315\117\134}{}% 10
\BOOKMARK [2][-]{subsection.2.1}{\376\377\220\011\142\351\144\315\117\134\121\163\174\373\171\072\117\213}{section.2}% 11
\BOOKMARK [2][-]{subsection.2.2}{\376\377\220\011\142\351\144\315\117\134\137\142\137\017\123\026}{section.2}% 12
\BOOKMARK [2][-]{subsection.2.3}{\376\377\142\225\137\161\144\315\117\134\171\072\117\213}{section.2}% 13
\BOOKMARK [2][-]{subsection.2.4}{\376\377\142\225\137\161\144\315\117\134\211\304\203\003\123\026}{section.2}% 14
\BOOKMARK [2][-]{subsection.2.5}{\376\377\136\166\226\306\144\315\117\134\171\072\117\213}{section.2}% 15
\BOOKMARK [2][-]{subsection.2.6}{\376\377\136\166\226\306\144\315\117\134\137\142\137\017\123\026}{section.2}% 16
\BOOKMARK [2][-]{subsection.2.7}{\376\377\135\356\226\306\217\320\173\227\171\072\117\213}{section.2}% 17
\BOOKMARK [2][-]{subsection.2.8}{\376\377\135\356\226\306\217\320\173\227\137\142\137\017\123\026}{section.2}% 18
\BOOKMARK [2][-]{subsection.2.9}{\376\377\173\033\123\141\134\024\171\357\144\315\117\134\171\072\117\213}{section.2}% 19
\BOOKMARK [2][-]{subsection.2.10}{\376\377\173\033\123\141\134\024\171\357\144\315\117\134\137\142\137\017\123\026}{section.2}% 20
\BOOKMARK [2][-]{subsection.2.11}{\376\377\221\315\124\175\124\015\144\315\117\134}{section.2}% 21
\BOOKMARK [1][-]{section.3}{\376\377\226\104\122\240\121\163\174\373\116\343\145\160\144\315\117\134}{}% 22
\BOOKMARK [2][-]{subsection.3.1}{\376\377\226\306\124\010\116\244\226\306\144\315\117\134\137\142\137\017\123\026}{section.3}% 23
\BOOKMARK [2][-]{subsection.3.2}{\376\377\201\352\161\066\217\336\143\245\144\315\117\134\166\204\137\142\137\017\123\026}{section.3}% 24
\BOOKMARK [2][-]{subsection.3.3}{\376\377\217\336\143\245\144\315\117\134\166\204\137\142\137\017\123\026}{section.3}% 25
\BOOKMARK [2][-]{subsection.3.4}{\376\377\226\144\154\325\217\320\173\227}{section.3}% 26
\BOOKMARK [2][-]{subsection.3.5}{\376\377\215\113\120\074\144\315\117\134}{section.3}% 27
\BOOKMARK [1][-]{section.4}{\376\377\142\151\134\125\121\163\174\373\116\343\145\160\144\315\117\134}{}% 28
\BOOKMARK [2][-]{subsection.4.1}{\376\377\136\177\116\111\142\225\137\161}{section.4}% 29
\BOOKMARK [2][-]{subsection.4.2}{\376\377\200\132\124\010\121\375\145\160\124\214\144\315\117\134}{section.4}% 30
\BOOKMARK [1][-]{section.5}{\376\377\145\160\143\156\136\223\166\204\117\356\145\071}{}% 31
\BOOKMARK [2][-]{subsection.5.1}{\376\377\122\040\226\144}{section.5}% 32
\BOOKMARK [2][-]{subsection.5.2}{\376\377\143\322\121\145}{section.5}% 33
\BOOKMARK [2][-]{subsection.5.3}{\376\377\146\364\145\260}{section.5}% 34
